build/app/outputs/mapping/release/usage.txt
com.example.my_mi_card.R$layout
com.example.my_mi_card.R$string
com.example.my_mi_card.R
com.example.my_mi_card.R$attr
com.example.my_mi_card.R$dimen
com.example.my_mi_card.R$drawable
com.example.my_mi_card.R$style
com.example.my_mi_card.R$styleable
com.example.my_mi_card.R$id
com.example.my_mi_card.R$mipmap
com.example.my_mi_card.BuildConfig
com.example.my_mi_card.R$integer
com.example.my_mi_card.R$color
...
kotlin.concurrent.TimersKt
kotlin.coroutines.intrinsics.CoroutineSingletons
kotlin.PreconditionsKt__AssertionsJVMKt
io.flutter.embedding.engine.dart.DartExecutor$DefaultBinaryMessenger:
    public void send(java.lang.String,java.nio.ByteBuffer)
kotlin.text.StringsKt___StringsKt$windowedSequence$2
androidx.core.app.ServiceCompat
kotlin.jvm.internal.ReflectionFactory
kotlin.comparisons.ComparisonsKt__ComparisonsKt$compareByDescending$2
androidx.activity.ComponentActivity$3:
    void <init>(androidx.activity.ComponentActivity)
androidx.loader.content.ModernAsyncTask$2
io.flutter.app.FlutterActivityEvents
io.flutter.view.FlutterView$FirstFrameListener
kotlin.ranges.UIntProgressionIterator
kotlin.coroutines.experimental.migration.ExperimentalContinuationMigration
kotlin.io.FileTreeWalk$FileTreeWalkIterator$TopDownDirectoryState
androidx.fragment.app.BackStackRecord
androidx.loader.content.ModernAsyncTask$WorkerRunnable
kotlin.collections.ArraysKt___ArraysKt$withIndex$6
androidx.core.content.FileProvider
kotlin.text.CharDirectionality$Companion
kotlin.ranges.CharProgressionIterator
kotlin.jvm.internal.Ref$IntRef
androidx.core.app.FrameMetricsAggregator$FrameMetricsApi24Impl$1
kotlin.TypeCastException
io.flutter.plugin.common.JSONUtil:
    private void <init>()
    public static java.lang.Object unwrap(java.lang.Object)
androidx.core.widget.NestedScrollView$AccessibilityDelegate
kotlin.jvm.internal.TypeReference$WhenMappings
androidx.core.content.ContextCompat
androidx.annotation.Dimension
androidx.core.widget.EdgeEffectCompat
androidx.core.view.accessibility.AccessibilityViewCommand$SetSelectionArguments
kotlin.jvm.functions.Function18
kotlin.io.LinesSequence
kotlin.text.CharsKt__CharKt
androidx.versionedparcelable.VersionedParcel$ParcelException
kotlin.collections.unsigned.UArraysKt___UArraysKt$withIndex$2
kotlin.jvm.internal.ArrayBooleanIterator
kotlin.sequences.SequenceScope
androidx.fragment.app.FragmentTransition$1
kotlin.contracts.CallsInPlace
androidx.lifecycle.ReportFragment$ActivityInitializationListener
androidx.core.app.ActivityCompat$1
androidx.core.app.NotificationCompat$Action$Builder
kotlin.ranges.UIntRange$Companion
io.flutter.view.FlutterMain$Settings
kotlin.sequences.SequencesKt___SequencesKt$minus$2
androidx.core.os.UserManagerCompat
org.intellij.lang.annotations.PrintFormat
androidx.core.util.AtomicFile
androidx.lifecycle.LiveData:
    public void <init>()
    private void considerNotify(androidx.lifecycle.LiveData$ObserverWrapper)
    private static void assertMainThread(java.lang.String)
    static void <clinit>()
    public void observe(androidx.lifecycle.LifecycleOwner,androidx.lifecycle.Observer)
    public void observeForever(androidx.lifecycle.Observer)
    public void removeObservers(androidx.lifecycle.LifecycleOwner)
    protected void postValue(java.lang.Object)
    protected void setValue(java.lang.Object)
    public java.lang.Object getValue()
    int getVersion()
    public boolean hasObservers()
    public boolean hasActiveObservers()
    final java.lang.Object mDataLock
    private androidx.arch.core.internal.SafeIterableMap mObservers
    private volatile java.lang.Object mData
    volatile java.lang.Object mPendingData
    private int mVersion
    private boolean mDispatchingValue
    private boolean mDispatchInvalidated
    private final java.lang.Runnable mPostValueRunnable
    static final int START_VERSION
    static final java.lang.Object NOT_SET
androidx.annotation.CallSuper
kotlin.ULongArrayKt
kotlin.coroutines.CoroutineContext$Element$DefaultImpls
androidx.loader.R$layout
androidx.core.view.ViewPropertyAnimatorCompat$1
kotlin.UShort$Companion
io.flutter.embedding.engine.loader.ResourceExtractor$1
kotlin.jvm.internal.ArrayByteIterator
kotlin.collections.ArraysKt___ArraysKt$asIterable$$inlined$Iterable$9
kotlin.reflect.KProperty1
kotlin.sequences.SequencesKt___SequencesKt$elementAt$1